<?xml version="1.0" encoding="UTF-8"?>
<testsuite xmlns:xsi="http://www.w3.org/2001/XMLSchema-instance" xsi:noNamespaceSchemaLocation="https://maven.apache.org/surefire/maven-surefire-plugin/xsd/surefire-test-report-3.0.xsd" version="3.0" name="calculadora2022.RunCucumberTest" time="0.257" tests="24" errors="0" skipped="0" failures="0">
  <properties>
[...]
</properties>
  <testcase name="Divide positive numbers greater than 0" classname="Divide two numbers" time="0.052">
    <system-out><![CDATA[
Scenario: Divide positive numbers greater than 0 &amp#27;[90m# calculadora2022/division.feature:3&amp#27;[0m
  &amp#27;[32mGiven &amp#27;[0m&amp#27;[32mI have a calculator&amp#27;[0m                      &amp#27;[90m# calculadora2022.StepDefinitions.i_have_a_calculator()&amp#27;[0m
  &amp#27;[32mWhen &amp#27;[0m&amp#27;[32mI want to divide &amp#27;[0m&amp#27;[32m&amp#27;[1m14&amp#27;[0m&amp#27;[32m by &amp#27;[0m&amp#27;[32m&amp#27;[1m7&amp#27;[0m                  &amp#27;[90m# calculadora2022.StepDefinitions.i_want_to_divide_and(double,double)&amp#27;[0m
  &amp#27;[32mThen &amp#27;[0m&amp#27;[32mI should recieve a correct &amp#27;[0m&amp#27;[32m&amp#27;[1m2&amp#27;[0m              &amp#27;[90m# calculadora2022.StepDefinitions.i_should_recieve_a_correct_answer(double)&amp#27;[0m
]]></system-out>
  </testcase>
  <testcase name="Trying to divide by zero" classname="Divide two numbers" time="0.006">
    <system-out><![CDATA[
Scenario: Trying to divide by zero            &amp#27;[90m# calculadora2022/division.feature:7&amp#27;[0m
  &amp#27;[32mGiven &amp#27;[0m&amp#27;[32mI have a calculator&amp#27;[0m                   &amp#27;[90m# calculadora2022.StepDefinitions.i_have_a_calculator()&amp#27;[0m
  &amp#27;[32mWhen &amp#27;[0m&amp#27;[32mI want to divide any number by zero&amp#27;[0m    &amp#27;[90m# calculadora2022.StepDefinitions.i_want_to_divide_any_number_by_zero()&amp#27;[0m
  &amp#27;[32mThen &amp#27;[0m&amp#27;[32mI should not be able to divive by zero&amp#27;[0m &amp#27;[90m# calculadora2022.StepDefinitions.i_should_not_be_able_to_divive_by_zero()&amp#27;[0m
]]></system-out>
  </testcase>
  <testcase name="Compute the factorial of a number greater than 0" classname="Compute the factorial of a number" time="0.006">
    <system-out><![CDATA[
Scenario: Compute the factorial of a number greater than 0 &amp#27;[90m# calculadora2022/factorial.feature:2&amp#27;[0m
  &amp#27;[32mGiven &amp#27;[0m&amp#27;[32mI have a calculator&amp#27;[0m                                &amp#27;[90m# calculadora2022.StepDefinitions.i_have_a_calculator()&amp#27;[0m
  &amp#27;[32mWhen &amp#27;[0m&amp#27;[32mI want to compute the factorial of &amp#27;[0m&amp#27;[32m&amp#27;[1m4&amp#27;[0m                &amp#27;[90m# calculadora2022.StepDefinitions.i_want_to_compute_the_factorial_of(int)&amp#27;[0m
  &amp#27;[32mThen &amp#27;[0m&amp#27;[32mI should recieve a correct integer &amp#27;[0m&amp#27;[32m&amp#27;[1m24&amp#27;[0m               &amp#27;[90m# calculadora2022.StepDefinitions.i_should_recieve_a_correct_integer(int)&amp#27;[0m
]]></system-out>
  </testcase>
  <testcase name="Determine if a number greater than 1 is prime" classname="Determine if a integer is prime or not" time="0.005">
    <system-out><![CDATA[
Scenario: Determine if a number greater than 1 is prime &amp#27;[90m# calculadora2022/isPrimeNumber.feature:2&amp#27;[0m
  &amp#27;[32mGiven &amp#27;[0m&amp#27;[32mI have a calculator&amp#27;[0m                             &amp#27;[90m# calculadora2022.StepDefinitions.i_have_a_calculator()&amp#27;[0m
  &amp#27;[32mWhen &amp#27;[0m&amp#27;[32mI want to know if &amp#27;[0m&amp#27;[32m&amp#27;[1m5&amp#27;[0m&amp#27;[32m is prime&amp#27;[0m                     &amp#27;[90m# calculadora2022.StepDefinitions.i_want_to_know_if_is_prime(int)&amp#27;[0m
  &amp#27;[32mThen &amp#27;[0m&amp#27;[32mThe program should identify it is a prime number&amp#27;[0m &amp#27;[90m# calculadora2022.StepDefinitions.i_should_recieve_true()&amp#27;[0m
]]></system-out>
  </testcase>
  <testcase name="Multiply positive numbers" classname="Multiply two numbers" time="0.005">
    <system-out><![CDATA[
Scenario: Multiply positive numbers  &amp#27;[90m# calculadora2022/multiplicacion.feature:3&amp#27;[0m
  &amp#27;[32mGiven &amp#27;[0m&amp#27;[32mI have a calculator&amp#27;[0m          &amp#27;[90m# calculadora2022.StepDefinitions.i_have_a_calculator()&amp#27;[0m
  &amp#27;[32mWhen &amp#27;[0m&amp#27;[32mI want to multiply &amp#27;[0m&amp#27;[32m&amp#27;[1m8&amp#27;[0m&amp#27;[32m and &amp#27;[0m&amp#27;[32m&amp#27;[1m8&amp#27;[0m    &amp#27;[90m# calculadora2022.StepDefinitions.i_want_to_multiply_and(double,double)&amp#27;[0m
  &amp#27;[32mThen &amp#27;[0m&amp#27;[32mI should recieve a correct &amp#27;[0m&amp#27;[32m&amp#27;[1m64&amp#27;[0m &amp#27;[90m# calculadora2022.StepDefinitions.i_should_recieve_a_correct_answer(double)&amp#27;[0m
]]></system-out>
  </testcase>
  <testcase name="Example #1" classname="Examples" time="0.005">
    <system-out><![CDATA[
Scenario Outline: Subtract a positive amount from a positive number &amp#27;[90m# calculadora2022/resta.feature:10&amp#27;[0m
  &amp#27;[32mGiven &amp#27;[0m&amp#27;[32mI have a calculator&amp#27;[0m                                         &amp#27;[90m# calculadora2022.StepDefinitions.i_have_a_calculator()&amp#27;[0m
  &amp#27;[32mWhen &amp#27;[0m&amp#27;[32mI want to substract from &amp#27;[0m&amp#27;[32m&amp#27;[1m2&amp#27;[0m&amp#27;[32m value &amp#27;[0m&amp#27;[32m&amp#27;[1m2&amp#27;[0m                           &amp#27;[90m# calculadora2022.StepDefinitions.i_want_to_substract_from_value(double,double)&amp#27;[0m
  &amp#27;[32mThen &amp#27;[0m&amp#27;[32mI should recieve a correct &amp#27;[0m&amp#27;[32m&amp#27;[1m0&amp#27;[0m                                 &amp#27;[90m# calculadora2022.StepDefinitions.i_should_recieve_a_correct_answer(double)&amp#27;[0m
]]></system-out>
  </testcase>
  <testcase name="Example #1" classname="Examples" time="0.005">
    <system-out><![CDATA[
Scenario Outline: Adding two positive real numbers without decimals &amp#27;[90m# calculadora2022/suma.feature:11&amp#27;[0m
  &amp#27;[32mGiven &amp#27;[0m&amp#27;[32mI have a calculator&amp#27;[0m                                         &amp#27;[90m# calculadora2022.StepDefinitions.i_have_a_calculator()&amp#27;[0m
  &amp#27;[32mWhen &amp#27;[0m&amp#27;[32mI want to add &amp#27;[0m&amp#27;[32m&amp#27;[1m2&amp#27;[0m&amp#27;[32m and &amp#27;[0m&amp#27;[32m&amp#27;[1m2&amp#27;[0m                                        &amp#27;[90m# calculadora2022.StepDefinitions.i_want_to_add_a_and_b(double,double)&amp#27;[0m
  &amp#27;[32mThen &amp#27;[0m&amp#27;[32mI should recieve a correct &amp#27;[0m&amp#27;[32m&amp#27;[1m4&amp#27;[0m                                 &amp#27;[90m# calculadora2022.StepDefinitions.i_should_recieve_a_correct_answer(double)&amp#27;[0m
]]></system-out>
  </testcase>
  <testcase name="Example #1" classname="Examples" time="0.004">
    <system-out><![CDATA[
Scenario Outline: Adding one positive real number and one negative real number with decimals &amp#27;[90m# calculadora2022/suma.feature:25&amp#27;[0m
  &amp#27;[32mGiven &amp#27;[0m&amp#27;[32mI have a calculator&amp#27;[0m                                                                  &amp#27;[90m# calculadora2022.StepDefinitions.i_have_a_calculator()&amp#27;[0m
  &amp#27;[32mWhen &amp#27;[0m&amp#27;[32mI want to add &amp#27;[0m&amp#27;[32m&amp#27;[1m-1&amp#27;[0m&amp#27;[32m and &amp#27;[0m&amp#27;[32m&amp#27;[1m2&amp#27;[0m                                                                &amp#27;[90m# calculadora2022.StepDefinitions.i_want_to_add_a_and_b(double,double)&amp#27;[0m
  &amp#27;[32mThen &amp#27;[0m&amp#27;[32mI should recieve a correct &amp#27;[0m&amp#27;[32m&amp#27;[1m1&amp#27;[0m                                                          &amp#27;[90m# calculadora2022.StepDefinitions.i_should_recieve_a_correct_answer(double)&amp#27;[0m
]]></system-out>
  </testcase>
  <testcase name="Example #2" classname="Examples" time="0.006">
    <system-out><![CDATA[
Scenario Outline: Subtract a positive amount from a positive number &amp#27;[90m# calculadora2022/resta.feature:11&amp#27;[0m
  &amp#27;[32mGiven &amp#27;[0m&amp#27;[32mI have a calculator&amp#27;[0m                                         &amp#27;[90m# calculadora2022.StepDefinitions.i_have_a_calculator()&amp#27;[0m
  &amp#27;[32mWhen &amp#27;[0m&amp#27;[32mI want to substract from &amp#27;[0m&amp#27;[32m&amp#27;[1m0&amp#27;[0m&amp#27;[32m value &amp#27;[0m&amp#27;[32m&amp#27;[1m0&amp#27;[0m                           &amp#27;[90m# calculadora2022.StepDefinitions.i_want_to_substract_from_value(double,double)&amp#27;[0m
  &amp#27;[32mThen &amp#27;[0m&amp#27;[32mI should recieve a correct &amp#27;[0m&amp#27;[32m&amp#27;[1m0&amp#27;[0m                                 &amp#27;[90m# calculadora2022.StepDefinitions.i_should_recieve_a_correct_answer(double)&amp#27;[0m
]]></system-out>
  </testcase>
  <testcase name="Example #2" classname="Examples" time="0.004">
    <system-out><![CDATA[
Scenario Outline: Adding two positive real numbers without decimals &amp#27;[90m# calculadora2022/suma.feature:12&amp#27;[0m
  &amp#27;[32mGiven &amp#27;[0m&amp#27;[32mI have a calculator&amp#27;[0m                                         &amp#27;[90m# calculadora2022.StepDefinitions.i_have_a_calculator()&amp#27;[0m
  &amp#27;[32mWhen &amp#27;[0m&amp#27;[32mI want to add &amp#27;[0m&amp#27;[32m&amp#27;[1m0&amp#27;[0m&amp#27;[32m and &amp#27;[0m&amp#27;[32m&amp#27;[1m0&amp#27;[0m                                        &amp#27;[90m# calculadora2022.StepDefinitions.i_want_to_add_a_and_b(double,double)&amp#27;[0m
  &amp#27;[32mThen &amp#27;[0m&amp#27;[32mI should recieve a correct &amp#27;[0m&amp#27;[32m&amp#27;[1m0&amp#27;[0m                                 &amp#27;[90m# calculadora2022.StepDefinitions.i_should_recieve_a_correct_answer(double)&amp#27;[0m
]]></system-out>
  </testcase>
  <testcase name="Example #2" classname="Examples" time="0.004">
    <system-out><![CDATA[
Scenario Outline: Adding one positive real number and one negative real number with decimals &amp#27;[90m# calculadora2022/suma.feature:26&amp#27;[0m
  &amp#27;[32mGiven &amp#27;[0m&amp#27;[32mI have a calculator&amp#27;[0m                                                                  &amp#27;[90m# calculadora2022.StepDefinitions.i_have_a_calculator()&amp#27;[0m
  &amp#27;[32mWhen &amp#27;[0m&amp#27;[32mI want to add &amp#27;[0m&amp#27;[32m&amp#27;[1m0&amp#27;[0m&amp#27;[32m and &amp#27;[0m&amp#27;[32m&amp#27;[1m0&amp#27;[0m                                                                 &amp#27;[90m# calculadora2022.StepDefinitions.i_want_to_add_a_and_b(double,double)&amp#27;[0m
  &amp#27;[32mThen &amp#27;[0m&amp#27;[32mI should recieve a correct &amp#27;[0m&amp#27;[32m&amp#27;[1m0&amp#27;[0m                                                          &amp#27;[90m# calculadora2022.StepDefinitions.i_should_recieve_a_correct_answer(double)&amp#27;[0m
]]></system-out>
  </testcase>
  <testcase name="Example #3" classname="Examples" time="0.006">
    <system-out><![CDATA[
Scenario Outline: Subtract a positive amount from a positive number &amp#27;[90m# calculadora2022/resta.feature:12&amp#27;[0m
  &amp#27;[32mGiven &amp#27;[0m&amp#27;[32mI have a calculator&amp#27;[0m                                         &amp#27;[90m# calculadora2022.StepDefinitions.i_have_a_calculator()&amp#27;[0m
  &amp#27;[32mWhen &amp#27;[0m&amp#27;[32mI want to substract from &amp#27;[0m&amp#27;[32m&amp#27;[1m8&amp#27;[0m&amp#27;[32m value &amp#27;[0m&amp#27;[32m&amp#27;[1m1&amp#27;[0m                           &amp#27;[90m# calculadora2022.StepDefinitions.i_want_to_substract_from_value(double,double)&amp#27;[0m
  &amp#27;[32mThen &amp#27;[0m&amp#27;[32mI should recieve a correct &amp#27;[0m&amp#27;[32m&amp#27;[1m7&amp#27;[0m                                 &amp#27;[90m# calculadora2022.StepDefinitions.i_should_recieve_a_correct_answer(double)&amp#27;[0m
]]></system-out>
  </testcase>
  <testcase name="Example #3" classname="Examples" time="0.005">
    <system-out><![CDATA[
Scenario Outline: Adding two positive real numbers without decimals &amp#27;[90m# calculadora2022/suma.feature:13&amp#27;[0m
  &amp#27;[32mGiven &amp#27;[0m&amp#27;[32mI have a calculator&amp#27;[0m                                         &amp#27;[90m# calculadora2022.StepDefinitions.i_have_a_calculator()&amp#27;[0m
  &amp#27;[32mWhen &amp#27;[0m&amp#27;[32mI want to add &amp#27;[0m&amp#27;[32m&amp#27;[1m1&amp#27;[0m&amp#27;[32m and &amp#27;[0m&amp#27;[32m&amp#27;[1m1&amp#27;[0m                                        &amp#27;[90m# calculadora2022.StepDefinitions.i_want_to_add_a_and_b(double,double)&amp#27;[0m
  &amp#27;[32mThen &amp#27;[0m&amp#27;[32mI should recieve a correct &amp#27;[0m&amp#27;[32m&amp#27;[1m2&amp#27;[0m                                 &amp#27;[90m# calculadora2022.StepDefinitions.i_should_recieve_a_correct_answer(double)&amp#27;[0m
]]></system-out>
  </testcase>
  <testcase name="Example #3" classname="Examples" time="0.004">
    <system-out><![CDATA[
Scenario Outline: Adding one positive real number and one negative real number with decimals &amp#27;[90m# calculadora2022/suma.feature:27&amp#27;[0m
  &amp#27;[32mGiven &amp#27;[0m&amp#27;[32mI have a calculator&amp#27;[0m                                                                  &amp#27;[90m# calculadora2022.StepDefinitions.i_have_a_calculator()&amp#27;[0m
  &amp#27;[32mWhen &amp#27;[0m&amp#27;[32mI want to add &amp#27;[0m&amp#27;[32m&amp#27;[1m1&amp#27;[0m&amp#27;[32m and &amp#27;[0m&amp#27;[32m&amp#27;[1m-1&amp#27;[0m                                                                &amp#27;[90m# calculadora2022.StepDefinitions.i_want_to_add_a_and_b(double,double)&amp#27;[0m
  &amp#27;[32mThen &amp#27;[0m&amp#27;[32mI should recieve a correct &amp#27;[0m&amp#27;[32m&amp#27;[1m0&amp#27;[0m                                                          &amp#27;[90m# calculadora2022.StepDefinitions.i_should_recieve_a_correct_answer(double)&amp#27;[0m
]]></system-out>
  </testcase>
  <testcase name="Example #4" classname="Examples" time="0.006">
    <system-out><![CDATA[
Scenario Outline: Subtract a positive amount from a positive number &amp#27;[90m# calculadora2022/resta.feature:13&amp#27;[0m
  &amp#27;[32mGiven &amp#27;[0m&amp#27;[32mI have a calculator&amp#27;[0m                                         &amp#27;[90m# calculadora2022.StepDefinitions.i_have_a_calculator()&amp#27;[0m
  &amp#27;[32mWhen &amp#27;[0m&amp#27;[32mI want to substract from &amp#27;[0m&amp#27;[32m&amp#27;[1m3&amp#27;[0m&amp#27;[32m value &amp#27;[0m&amp#27;[32m&amp#27;[1m4&amp#27;[0m                           &amp#27;[90m# calculadora2022.StepDefinitions.i_want_to_substract_from_value(double,double)&amp#27;[0m
  &amp#27;[32mThen &amp#27;[0m&amp#27;[32mI should recieve a correct &amp#27;[0m&amp#27;[32m&amp#27;[1m-1&amp#27;[0m                                &amp#27;[90m# calculadora2022.StepDefinitions.i_should_recieve_a_correct_answer(double)&amp#27;[0m
]]></system-out>
  </testcase>
  <testcase name="Example #4" classname="Examples" time="0.005">
    <system-out><![CDATA[
Scenario Outline: Adding two positive real numbers without decimals &amp#27;[90m# calculadora2022/suma.feature:14&amp#27;[0m
  &amp#27;[32mGiven &amp#27;[0m&amp#27;[32mI have a calculator&amp#27;[0m                                         &amp#27;[90m# calculadora2022.StepDefinitions.i_have_a_calculator()&amp#27;[0m
  &amp#27;[32mWhen &amp#27;[0m&amp#27;[32mI want to add &amp#27;[0m&amp#27;[32m&amp#27;[1m3&amp#27;[0m&amp#27;[32m and &amp#27;[0m&amp#27;[32m&amp#27;[1m3&amp#27;[0m                                        &amp#27;[90m# calculadora2022.StepDefinitions.i_want_to_add_a_and_b(double,double)&amp#27;[0m
  &amp#27;[32mThen &amp#27;[0m&amp#27;[32mI should recieve a correct &amp#27;[0m&amp#27;[32m&amp#27;[1m6&amp#27;[0m                                 &amp#27;[90m# calculadora2022.StepDefinitions.i_should_recieve_a_correct_answer(double)&amp#27;[0m
]]></system-out>
  </testcase>
  <testcase name="Example #4" classname="Examples" time="0.004">
    <system-out><![CDATA[
Scenario Outline: Adding one positive real number and one negative real number with decimals &amp#27;[90m# calculadora2022/suma.feature:28&amp#27;[0m
  &amp#27;[32mGiven &amp#27;[0m&amp#27;[32mI have a calculator&amp#27;[0m                                                                  &amp#27;[90m# calculadora2022.StepDefinitions.i_have_a_calculator()&amp#27;[0m
  &amp#27;[32mWhen &amp#27;[0m&amp#27;[32mI want to add &amp#27;[0m&amp#27;[32m&amp#27;[1m3&amp#27;[0m&amp#27;[32m and &amp#27;[0m&amp#27;[32m&amp#27;[1m-8&amp#27;[0m                                                                &amp#27;[90m# calculadora2022.StepDefinitions.i_want_to_add_a_and_b(double,double)&amp#27;[0m
  &amp#27;[32mThen &amp#27;[0m&amp#27;[32mI should recieve a correct &amp#27;[0m&amp#27;[32m&amp#27;[1m-5&amp#27;[0m                                                         &amp#27;[90m# calculadora2022.StepDefinitions.i_should_recieve_a_correct_answer(double)&amp#27;[0m
]]></system-out>
  </testcase>
  <testcase name="Example #5" classname="Examples" time="0.006">
    <system-out><![CDATA[
Scenario Outline: Subtract a positive amount from a positive number &amp#27;[90m# calculadora2022/resta.feature:14&amp#27;[0m
  &amp#27;[32mGiven &amp#27;[0m&amp#27;[32mI have a calculator&amp#27;[0m                                         &amp#27;[90m# calculadora2022.StepDefinitions.i_have_a_calculator()&amp#27;[0m
  &amp#27;[32mWhen &amp#27;[0m&amp#27;[32mI want to substract from &amp#27;[0m&amp#27;[32m&amp#27;[1m1&amp#27;[0m&amp#27;[32m value &amp#27;[0m&amp#27;[32m&amp#27;[1m0&amp#27;[0m                           &amp#27;[90m# calculadora2022.StepDefinitions.i_want_to_substract_from_value(double,double)&amp#27;[0m
  &amp#27;[32mThen &amp#27;[0m&amp#27;[32mI should recieve a correct &amp#27;[0m&amp#27;[32m&amp#27;[1m1&amp#27;[0m                                 &amp#27;[90m# calculadora2022.StepDefinitions.i_should_recieve_a_correct_answer(double)&amp#27;[0m
]]></system-out>
  </testcase>
  <testcase name="Example #5" classname="Examples" time="0.005">
    <system-out><![CDATA[
Scenario Outline: Adding two positive real numbers without decimals &amp#27;[90m# calculadora2022/suma.feature:15&amp#27;[0m
  &amp#27;[32mGiven &amp#27;[0m&amp#27;[32mI have a calculator&amp#27;[0m                                         &amp#27;[90m# calculadora2022.StepDefinitions.i_have_a_calculator()&amp#27;[0m
  &amp#27;[32mWhen &amp#27;[0m&amp#27;[32mI want to add &amp#27;[0m&amp#27;[32m&amp#27;[1m1&amp#27;[0m&amp#27;[32m and &amp#27;[0m&amp#27;[32m&amp#27;[1m0&amp#27;[0m                                        &amp#27;[90m# calculadora2022.StepDefinitions.i_want_to_add_a_and_b(double,double)&amp#27;[0m
  &amp#27;[32mThen &amp#27;[0m&amp#27;[32mI should recieve a correct &amp#27;[0m&amp#27;[32m&amp#27;[1m1&amp#27;[0m                                 &amp#27;[90m# calculadora2022.StepDefinitions.i_should_recieve_a_correct_answer(double)&amp#27;[0m
]]></system-out>
  </testcase>
  <testcase name="Example #5" classname="Examples" time="0.004">
    <system-out><![CDATA[
Scenario Outline: Adding one positive real number and one negative real number with decimals &amp#27;[90m# calculadora2022/suma.feature:29&amp#27;[0m
  &amp#27;[32mGiven &amp#27;[0m&amp#27;[32mI have a calculator&amp#27;[0m                                                                  &amp#27;[90m# calculadora2022.StepDefinitions.i_have_a_calculator()&amp#27;[0m
  &amp#27;[32mWhen &amp#27;[0m&amp#27;[32mI want to add &amp#27;[0m&amp#27;[32m&amp#27;[1m1&amp#27;[0m&amp#27;[32m and &amp#27;[0m&amp#27;[32m&amp#27;[1m0&amp#27;[0m                                                                 &amp#27;[90m# calculadora2022.StepDefinitions.i_want_to_add_a_and_b(double,double)&amp#27;[0m
  &amp#27;[32mThen &amp#27;[0m&amp#27;[32mI should recieve a correct &amp#27;[0m&amp#27;[32m&amp#27;[1m1&amp#27;[0m                                                          &amp#27;[90m# calculadora2022.StepDefinitions.i_should_recieve_a_correct_answer(double)&amp#27;[0m
]]></system-out>
  </testcase>
  <testcase name="Example #6" classname="Examples" time="0.005">
    <system-out><![CDATA[
Scenario Outline: Subtract a positive amount from a positive number &amp#27;[90m# calculadora2022/resta.feature:15&amp#27;[0m
  &amp#27;[32mGiven &amp#27;[0m&amp#27;[32mI have a calculator&amp#27;[0m                                         &amp#27;[90m# calculadora2022.StepDefinitions.i_have_a_calculator()&amp#27;[0m
  &amp#27;[32mWhen &amp#27;[0m&amp#27;[32mI want to substract from &amp#27;[0m&amp#27;[32m&amp#27;[1m20&amp#27;[0m&amp#27;[32m value &amp#27;[0m&amp#27;[32m&amp#27;[1m100&amp#27;[0m                        &amp#27;[90m# calculadora2022.StepDefinitions.i_want_to_substract_from_value(double,double)&amp#27;[0m
  &amp#27;[32mThen &amp#27;[0m&amp#27;[32mI should recieve a correct &amp#27;[0m&amp#27;[32m&amp#27;[1m-80&amp#27;[0m                               &amp#27;[90m# calculadora2022.StepDefinitions.i_should_recieve_a_correct_answer(double)&amp#27;[0m
]]></system-out>
  </testcase>
  <testcase name="Example #6" classname="Examples" time="0.006">
    <system-out><![CDATA[
Scenario Outline: Adding two positive real numbers without decimals &amp#27;[90m# calculadora2022/suma.feature:16&amp#27;[0m
  &amp#27;[32mGiven &amp#27;[0m&amp#27;[32mI have a calculator&amp#27;[0m                                         &amp#27;[90m# calculadora2022.StepDefinitions.i_have_a_calculator()&amp#27;[0m
  &amp#27;[32mWhen &amp#27;[0m&amp#27;[32mI want to add &amp#27;[0m&amp#27;[32m&amp#27;[1m20&amp#27;[0m&amp#27;[32m and &amp#27;[0m&amp#27;[32m&amp#27;[1m100&amp#27;[0m                                     &amp#27;[90m# calculadora2022.StepDefinitions.i_want_to_add_a_and_b(double,double)&amp#27;[0m
  &amp#27;[32mThen &amp#27;[0m&amp#27;[32mI should recieve a correct &amp#27;[0m&amp#27;[32m&amp#27;[1m120&amp#27;[0m                               &amp#27;[90m# calculadora2022.StepDefinitions.i_should_recieve_a_correct_answer(double)&amp#27;[0m
]]></system-out>
  </testcase>
  <testcase name="Example #6" classname="Examples" time="0.005">
    <system-out><![CDATA[
Scenario Outline: Adding one positive real number and one negative real number with decimals &amp#27;[90m# calculadora2022/suma.feature:30&amp#27;[0m
  &amp#27;[32mGiven &amp#27;[0m&amp#27;[32mI have a calculator&amp#27;[0m                                                                  &amp#27;[90m# calculadora2022.StepDefinitions.i_have_a_calculator()&amp#27;[0m
  &amp#27;[32mWhen &amp#27;[0m&amp#27;[32mI want to add &amp#27;[0m&amp#27;[32m&amp#27;[1m-20.5&amp#27;[0m&amp#27;[32m and &amp#27;[0m&amp#27;[32m&amp#27;[1m140&amp#27;[0m                                                           &amp#27;[90m# calculadora2022.StepDefinitions.i_want_to_add_a_and_b(double,double)&amp#27;[0m
  &amp#27;[32mThen &amp#27;[0m&amp#27;[32mI should recieve a correct &amp#27;[0m&amp#27;[32m&amp#27;[1m119.5&amp#27;[0m                                                      &amp#27;[90m# calculadora2022.StepDefinitions.i_should_recieve_a_correct_answer(double)&amp#27;[0m
]]></system-out>
  </testcase>
  <testcase name="Subtract a negative amount from a positive number" classname="Substract two numbers" time="0.005">
    <system-out><![CDATA[
Scenario: Subtract a negative amount from a positive number &amp#27;[90m# calculadora2022/resta.feature:17&amp#27;[0m
  &amp#27;[32mGiven &amp#27;[0m&amp#27;[32mI have a calculator&amp#27;[0m                                 &amp#27;[90m# calculadora2022.StepDefinitions.i_have_a_calculator()&amp#27;[0m
  &amp#27;[32mWhen &amp#27;[0m&amp#27;[32mI want to substract from &amp#27;[0m&amp#27;[32m&amp#27;[1m8&amp#27;[0m&amp#27;[32m value &amp#27;[0m&amp#27;[32m&amp#27;[1m-5&amp#27;[0m                  &amp#27;[90m# calculadora2022.StepDefinitions.i_want_to_substract_from_value(double,double)&amp#27;[0m
  &amp#27;[32mThen &amp#27;[0m&amp#27;[32mI should recieve a correct &amp#27;[0m&amp#27;[32m&amp#27;[1m13&amp#27;[0m                        &amp#27;[90m# calculadora2022.StepDefinitions.i_should_recieve_a_correct_answer(double)&amp#27;[0m
]]></system-out>
  </testcase>
</testsuite>